<?xml version="1.0" encoding="UTF-8"?>
<robot generator="Robot 4.1.2 (Python 3.10.0 on win32)" generated="20211206 18:19:53.367" rpa="false" schemaversion="2">
<suite id="s1" name="loginTestCases" source="C:\Users\FalGie\Documents\0 Me\New folder\source\belajarRobotFrameWorkNMMS\TestCases\loginTestCases.robot">
<kw name="Open my Browser" type="SETUP">
<arg>${URL}</arg>
<arg>${BROWSER}</arg>
<msg timestamp="20211206 18:19:53.751" level="FAIL">No keyword with name 'Open my Browser' found. Did you mean:
    SeleniumLibrary.Open Browser</msg>
<status status="FAIL" starttime="20211206 18:19:53.751" endtime="20211206 18:19:53.751"/>
</kw>
<test id="s1-t1" name="InvalidLoginDataWithCSV using admin@youts.com asf">
<status status="FAIL" starttime="20211206 18:19:53.751" endtime="20211206 18:19:53.753">Parent suite setup failed:
No keyword with name 'Open my Browser' found. Did you mean:
    SeleniumLibrary.Open Browser</status>
</test>
<test id="s1-t2" name="InvalidLoginDataWithCSV using admin@youts.com aaa">
<status status="FAIL" starttime="20211206 18:19:53.754" endtime="20211206 18:19:53.758">Parent suite setup failed:
No keyword with name 'Open my Browser' found. Did you mean:
    SeleniumLibrary.Open Browser</status>
</test>
<test id="s1-t3" name="InvalidLoginDataWithCSV using admaain@youts.com aaa">
<status status="FAIL" starttime="20211206 18:19:53.759" endtime="20211206 18:19:53.761">Parent suite setup failed:
No keyword with name 'Open my Browser' found. Did you mean:
    SeleniumLibrary.Open Browser</status>
</test>
<kw name="Close My Browser" type="TEARDOWN">
<msg timestamp="20211206 18:19:53.771" level="FAIL">No keyword with name 'Close My Browser' found. Did you mean:
    SeleniumLibrary.Close Browser</msg>
<status status="FAIL" starttime="20211206 18:19:53.770" endtime="20211206 18:19:53.771">No keyword with name 'Close My Browser' found. Did you mean:
    SeleniumLibrary.Close Browser</status>
</kw>
<status status="FAIL" starttime="20211206 18:19:53.370" endtime="20211206 18:19:53.771">Suite setup failed:
No keyword with name 'Open my Browser' found. Did you mean:
    SeleniumLibrary.Open Browser

Also suite teardown failed:
No keyword with name 'Close My Browser' found. Did you mean:
    SeleniumLibrary.Close Browser</status>
</suite>
<statistics>
<total>
<stat pass="0" fail="3" skip="0">All Tests</stat>
</total>
<tag>
</tag>
<suite>
<stat pass="0" fail="3" skip="0" id="s1" name="loginTestCases">loginTestCases</stat>
</suite>
</statistics>
<errors>
<msg timestamp="20211206 18:19:53.713" level="ERROR">Error in file 'C:\Users\FalGie\Documents\0 Me\New folder\source\belajarRobotFrameWorkNMMS\TestCases\loginTestCases.robot' on line 3: Resource file '..\Resources\loginTestKeywords.robot' does not exist.</msg>
</errors>
</robot>
