<?xml version="1.0" encoding="UTF-8"?>
<robot generator="Robot 4.1.2 (Python 3.10.0 on win32)" generated="20211206 17:23:16.465" rpa="false" schemaversion="2">
<suite id="s1" name="checkOutTestCase" source="C:\Users\FalGie\Documents\0 Me\New folder\source\belajarRobotFrameWorkNMMS\testCases\checkOutTestCase.robot">
<kw name="Open my Browser" library="loginTestKeyword" type="SETUP">
<arg>${URL}</arg>
<arg>${BROWSER}</arg>
<kw name="Open Browser" library="SeleniumLibrary">
<arg>${URL}</arg>
<arg>${BROWSER}</arg>
<doc>Opens a new browser instance to the optional ``url``.</doc>
<msg timestamp="20211206 17:23:16.825" level="INFO">Opening browser 'CHROME' to base url 'https://www.saucedemo.com/'.</msg>
<status status="PASS" starttime="20211206 17:23:16.824" endtime="20211206 17:23:18.834"/>
</kw>
<kw name="Maximize Browser Window" library="SeleniumLibrary">
<doc>Maximizes current browser window.</doc>
<status status="PASS" starttime="20211206 17:23:18.835" endtime="20211206 17:23:18.997"/>
</kw>
<status status="PASS" starttime="20211206 17:23:16.824" endtime="20211206 17:23:18.998"/>
</kw>
<test id="s1-t1" name="Login Process">
<kw name="Enter UserName" library="loginTestKeyword">
<arg>${USER}</arg>
<kw name="Input Text" library="SeleniumLibrary">
<arg>${txt_userName}</arg>
<arg>${userName}</arg>
<doc>Types the given ``text`` into the text field identified by ``locator``.</doc>
<msg timestamp="20211206 17:23:19.001" level="INFO">Typing text 'standard_user' into text field 'id:user-name'.</msg>
<status status="PASS" starttime="20211206 17:23:19.000" endtime="20211206 17:23:19.256"/>
</kw>
<status status="PASS" starttime="20211206 17:23:18.999" endtime="20211206 17:23:19.256"/>
</kw>
<kw name="Enter PassWord" library="loginTestKeyword">
<arg>${PASS}</arg>
<kw name="Input Text" library="SeleniumLibrary">
<arg>${txt_passWord}</arg>
<arg>${passWord}</arg>
<doc>Types the given ``text`` into the text field identified by ``locator``.</doc>
<msg timestamp="20211206 17:23:19.258" level="INFO">Typing text 'secret_sauce' into text field 'id:password'.</msg>
<status status="PASS" starttime="20211206 17:23:19.257" endtime="20211206 17:23:19.412"/>
</kw>
<status status="PASS" starttime="20211206 17:23:19.257" endtime="20211206 17:23:19.412"/>
</kw>
<kw name="Click Sign Button" library="loginTestKeyword">
<kw name="Click Element" library="SeleniumLibrary">
<arg>${btn_login}</arg>
<doc>Click the element identified by ``locator``.</doc>
<msg timestamp="20211206 17:23:19.413" level="INFO">Clicking element 'id:login-button'.</msg>
<status status="PASS" starttime="20211206 17:23:19.413" endtime="20211206 17:23:19.568"/>
</kw>
<status status="PASS" starttime="20211206 17:23:19.413" endtime="20211206 17:23:19.568"/>
</kw>
<kw name="Verified Succes Login" library="loginTestKeyword">
<kw name="Page Should Contain" library="SeleniumLibrary">
<arg>Sauce Labs Backpack</arg>
<doc>Verifies that current page contains ``text``.</doc>
<msg timestamp="20211206 17:23:19.654" level="INFO">Current page contains text 'Sauce Labs Backpack'.</msg>
<status status="PASS" starttime="20211206 17:23:19.572" endtime="20211206 17:23:19.655"/>
</kw>
<status status="PASS" starttime="20211206 17:23:19.571" endtime="20211206 17:23:19.656"/>
</kw>
<kw name="Sleep" library="BuiltIn">
<arg>3</arg>
<doc>Pauses the test executed for the given time.</doc>
<msg timestamp="20211206 17:23:22.665" level="INFO">Slept 3 seconds</msg>
<status status="PASS" starttime="20211206 17:23:19.657" endtime="20211206 17:23:22.665"/>
</kw>
<status status="PASS" starttime="20211206 17:23:18.998" endtime="20211206 17:23:22.666"/>
</test>
<test id="s1-t2" name="Chekout Process">
<kw name="Open Detail BackPack" library="loginTestKeyword">
<kw name="Click Element" library="SeleniumLibrary">
<arg>${linkTittleProductBackPack}</arg>
<doc>Click the element identified by ``locator``.</doc>
<msg timestamp="20211206 17:23:22.671" level="INFO">Clicking element 'id:item_4_title_link'.</msg>
<status status="PASS" starttime="20211206 17:23:22.670" endtime="20211206 17:23:22.782"/>
</kw>
<status status="PASS" starttime="20211206 17:23:22.669" endtime="20211206 17:23:22.782"/>
</kw>
<kw name="Add to Cart" library="loginTestKeyword">
<kw name="Click Element" library="SeleniumLibrary">
<arg>${btn_addToCartBackPack}</arg>
<doc>Click the element identified by ``locator``.</doc>
<msg timestamp="20211206 17:23:22.785" level="INFO">Clicking element 'id:add-to-cart-sauce-labs-backpack'.</msg>
<status status="PASS" starttime="20211206 17:23:22.784" endtime="20211206 17:23:22.933"/>
</kw>
<status status="PASS" starttime="20211206 17:23:22.783" endtime="20211206 17:23:22.934"/>
</kw>
<kw name="Sleep" library="BuiltIn">
<arg>2</arg>
<doc>Pauses the test executed for the given time.</doc>
<msg timestamp="20211206 17:23:24.947" level="INFO">Slept 2 seconds</msg>
<status status="PASS" starttime="20211206 17:23:22.937" endtime="20211206 17:23:24.947"/>
</kw>
<kw name="Open List Order" library="loginTestKeyword">
<kw name="Click Element" library="SeleniumLibrary">
<arg>${btn_cart}</arg>
<doc>Click the element identified by ``locator``.</doc>
<msg timestamp="20211206 17:23:24.949" level="INFO">Clicking element 'xpath://span[contains(text(),'1')]'.</msg>
<status status="PASS" starttime="20211206 17:23:24.948" endtime="20211206 17:23:25.028"/>
</kw>
<status status="PASS" starttime="20211206 17:23:24.948" endtime="20211206 17:23:25.029"/>
</kw>
<kw name="Sleep" library="BuiltIn">
<arg>2</arg>
<doc>Pauses the test executed for the given time.</doc>
<msg timestamp="20211206 17:23:27.037" level="INFO">Slept 2 seconds</msg>
<status status="PASS" starttime="20211206 17:23:25.031" endtime="20211206 17:23:27.037"/>
</kw>
<kw name="Click Checkout" library="loginTestKeyword">
<kw name="Click Element" library="SeleniumLibrary">
<arg>${btn_checkOut}</arg>
<doc>Click the element identified by ``locator``.</doc>
<msg timestamp="20211206 17:23:27.039" level="INFO">Clicking element 'id:checkout'.</msg>
<status status="PASS" starttime="20211206 17:23:27.038" endtime="20211206 17:23:27.114"/>
</kw>
<status status="PASS" starttime="20211206 17:23:27.038" endtime="20211206 17:23:27.115"/>
</kw>
<kw name="Sleep" library="BuiltIn">
<arg>2</arg>
<doc>Pauses the test executed for the given time.</doc>
<msg timestamp="20211206 17:23:29.127" level="INFO">Slept 2 seconds</msg>
<status status="PASS" starttime="20211206 17:23:27.115" endtime="20211206 17:23:29.127"/>
</kw>
<status status="PASS" starttime="20211206 17:23:22.668" endtime="20211206 17:23:29.128"/>
</test>
<test id="s1-t3" name="Input INFORMATION">
<kw name="Enter First Name" library="loginTestKeyword">
<arg>naufal</arg>
<kw name="Input Text" library="SeleniumLibrary">
<arg>${txt_firstName}</arg>
<arg>${firstName}</arg>
<doc>Types the given ``text`` into the text field identified by ``locator``.</doc>
<msg timestamp="20211206 17:23:29.132" level="INFO">Typing text 'naufal' into text field 'id:first-name'.</msg>
<status status="PASS" starttime="20211206 17:23:29.131" endtime="20211206 17:23:29.249"/>
</kw>
<status status="PASS" starttime="20211206 17:23:29.131" endtime="20211206 17:23:29.249"/>
</kw>
<kw name="Enter Last Name" library="loginTestKeyword">
<arg>mms</arg>
<kw name="Input Text" library="SeleniumLibrary">
<arg>${txt_lastName}</arg>
<arg>${lastName}</arg>
<doc>Types the given ``text`` into the text field identified by ``locator``.</doc>
<msg timestamp="20211206 17:23:29.250" level="INFO">Typing text 'mms' into text field 'id:last-name'.</msg>
<status status="PASS" starttime="20211206 17:23:29.250" endtime="20211206 17:23:29.350"/>
</kw>
<status status="PASS" starttime="20211206 17:23:29.249" endtime="20211206 17:23:29.350"/>
</kw>
<kw name="Enter ZIP Code" library="loginTestKeyword">
<arg>123456</arg>
<kw name="Input Text" library="SeleniumLibrary">
<arg>${txt_zipCode}</arg>
<arg>${zipCode}</arg>
<doc>Types the given ``text`` into the text field identified by ``locator``.</doc>
<msg timestamp="20211206 17:23:29.353" level="INFO">Typing text '123456' into text field 'id:postal-code'.</msg>
<status status="PASS" starttime="20211206 17:23:29.352" endtime="20211206 17:23:29.461"/>
</kw>
<status status="PASS" starttime="20211206 17:23:29.351" endtime="20211206 17:23:29.462"/>
</kw>
<kw name="Sleep" library="BuiltIn">
<arg>2</arg>
<doc>Pauses the test executed for the given time.</doc>
<msg timestamp="20211206 17:23:31.475" level="INFO">Slept 2 seconds</msg>
<status status="PASS" starttime="20211206 17:23:29.463" endtime="20211206 17:23:31.475"/>
</kw>
<kw name="Click Next" library="loginTestKeyword">
<kw name="Click Element" library="SeleniumLibrary">
<arg>${btn_continue}</arg>
<doc>Click the element identified by ``locator``.</doc>
<msg timestamp="20211206 17:23:31.477" level="INFO">Clicking element 'id:continue'.</msg>
<status status="PASS" starttime="20211206 17:23:31.476" endtime="20211206 17:23:31.545"/>
</kw>
<status status="PASS" starttime="20211206 17:23:31.475" endtime="20211206 17:23:31.545"/>
</kw>
<status status="PASS" starttime="20211206 17:23:29.130" endtime="20211206 17:23:31.546"/>
</test>
<kw name="Close My Browser" library="loginTestKeyword" type="TEARDOWN">
<kw name="Close All Browsers" library="SeleniumLibrary">
<doc>Closes all open browsers and resets the browser cache.</doc>
<status status="PASS" starttime="20211206 17:23:31.552" endtime="20211206 17:23:33.820"/>
</kw>
<status status="PASS" starttime="20211206 17:23:31.552" endtime="20211206 17:23:33.820"/>
</kw>
<status status="PASS" starttime="20211206 17:23:16.468" endtime="20211206 17:23:33.820"/>
</suite>
<statistics>
<total>
<stat pass="3" fail="0" skip="0">All Tests</stat>
</total>
<tag>
</tag>
<suite>
<stat pass="3" fail="0" skip="0" id="s1" name="checkOutTestCase">checkOutTestCase</stat>
</suite>
</statistics>
<errors>
</errors>
</robot>
